[12:10:30] [ServerMain/INFO]: Environment: authHost='https://authserver.mojang.com', accountsHost='https://api.mojang.com', sessionHost='https://sessionserver.mojang.com', servicesHost='https://api.minecraftservices.com', name='PROD'
[12:10:30] [ServerMain/INFO]: Found new data pack file/bukkit, loading it automatically
[12:10:32] [Worker-Main-17/INFO]: Loaded 7 recipes
[12:10:39] [Server thread/INFO]: Starting minecraft server version 1.18.2
[12:10:39] [Server thread/INFO]: Loading properties
[12:10:39] [Server thread/INFO]: This server is running CraftBukkit version 3484-Spigot-b6d12d1-7bc728a (MC: 1.18.2) (Implementing API version 1.18.2-R0.1-SNAPSHOT)
[12:10:39] [Server thread/INFO]: Debug logging is disabled
[12:10:39] [Server thread/INFO]: Server Ping Player Sample Count: 12
[12:10:39] [Server thread/INFO]: Using 4 threads for Netty based IO
[12:10:39] [Server thread/INFO]: Default game type: SURVIVAL
[12:10:39] [Server thread/INFO]: Generating keypair
[12:10:39] [Server thread/INFO]: Starting Minecraft server on *:25565
[12:10:39] [Server thread/INFO]: Using default channel type
[12:10:40] [Server thread/INFO]: Preparing level "world"
[12:10:40] [Server thread/INFO]: -------- World Settings For [world] --------
[12:10:40] [Server thread/INFO]: Allow Zombie Pigmen to spawn from portal blocks: true
[12:10:40] [Server thread/INFO]: Nerfing mobs spawned from spawners: false
[12:10:40] [Server thread/INFO]: Item Despawn Rate: 6000
[12:10:40] [Server thread/INFO]: Item Merge Radius: 2.5
[12:10:40] [Server thread/INFO]: View Distance: 10
[12:10:40] [Server thread/INFO]: Simulation Distance: 10
[12:10:40] [Server thread/INFO]: Arrow Despawn Rate: 1200 Trident Respawn Rate:1200
[12:10:40] [Server thread/INFO]: Zombie Aggressive Towards Villager: true
[12:10:40] [Server thread/INFO]: Cactus Growth Modifier: 100%
[12:10:40] [Server thread/INFO]: Cane Growth Modifier: 100%
[12:10:40] [Server thread/INFO]: Melon Growth Modifier: 100%
[12:10:40] [Server thread/INFO]: Mushroom Growth Modifier: 100%
[12:10:40] [Server thread/INFO]: Pumpkin Growth Modifier: 100%
[12:10:40] [Server thread/INFO]: Sapling Growth Modifier: 100%
[12:10:40] [Server thread/INFO]: Beetroot Growth Modifier: 100%
[12:10:40] [Server thread/INFO]: Carrot Growth Modifier: 100%
[12:10:40] [Server thread/INFO]: Potato Growth Modifier: 100%
[12:10:40] [Server thread/INFO]: Wheat Growth Modifier: 100%
[12:10:40] [Server thread/INFO]: NetherWart Growth Modifier: 100%
[12:10:40] [Server thread/INFO]: Vine Growth Modifier: 100%
[12:10:40] [Server thread/INFO]: Cocoa Growth Modifier: 100%
[12:10:40] [Server thread/INFO]: Bamboo Growth Modifier: 100%
[12:10:40] [Server thread/INFO]: SweetBerry Growth Modifier: 100%
[12:10:40] [Server thread/INFO]: Kelp Growth Modifier: 100%
[12:10:40] [Server thread/INFO]: Entity Activation Range: An 32 / Mo 32 / Ra 48 / Mi 16 / Tiv true / Isa false
[12:10:40] [Server thread/INFO]: Entity Tracking Range: Pl 48 / An 48 / Mo 48 / Mi 32 / Other 64
[12:10:40] [Server thread/INFO]: Hopper Transfer: 8 Hopper Check: 1 Hopper Amount: 1
[12:10:40] [Server thread/INFO]: Custom Map Seeds:  Village: 10387312 Desert: 14357617 Igloo: 14357618 Jungle: 14357619 Swamp: 14357620 Monument: 10387313 Ocean: 14357621 Shipwreck: 165745295 End City: 10387313 Slime: 987234911 Nether: 30084232 Mansion: 10387319 Fossil: 14357921 Portal: 34222645
[12:10:40] [Server thread/INFO]: Max TNT Explosions: 100
[12:10:40] [Server thread/INFO]: Tile Max Tick Time: 50ms Entity max Tick Time: 50ms
[12:10:40] [Server thread/INFO]: Experience Merge Radius: 3.0
[12:10:40] [Server thread/INFO]: Mob Spawn Range: 6
[12:10:52] [Server thread/INFO]: -------- World Settings For [world_nether] --------
[12:10:52] [Server thread/INFO]: Allow Zombie Pigmen to spawn from portal blocks: true
[12:10:52] [Server thread/INFO]: Nerfing mobs spawned from spawners: false
[12:10:52] [Server thread/INFO]: Item Despawn Rate: 6000
[12:10:52] [Server thread/INFO]: Item Merge Radius: 2.5
[12:10:52] [Server thread/INFO]: View Distance: 10
[12:10:52] [Server thread/INFO]: Simulation Distance: 10
[12:10:52] [Server thread/INFO]: Arrow Despawn Rate: 1200 Trident Respawn Rate:1200
[12:10:52] [Server thread/INFO]: Zombie Aggressive Towards Villager: true
[12:10:52] [Server thread/INFO]: Cactus Growth Modifier: 100%
[12:10:52] [Server thread/INFO]: Cane Growth Modifier: 100%
[12:10:52] [Server thread/INFO]: Melon Growth Modifier: 100%
[12:10:52] [Server thread/INFO]: Mushroom Growth Modifier: 100%
[12:10:52] [Server thread/INFO]: Pumpkin Growth Modifier: 100%
[12:10:52] [Server thread/INFO]: Sapling Growth Modifier: 100%
[12:10:52] [Server thread/INFO]: Beetroot Growth Modifier: 100%
[12:10:52] [Server thread/INFO]: Carrot Growth Modifier: 100%
[12:10:52] [Server thread/INFO]: Potato Growth Modifier: 100%
[12:10:52] [Server thread/INFO]: Wheat Growth Modifier: 100%
[12:10:52] [Server thread/INFO]: NetherWart Growth Modifier: 100%
[12:10:52] [Server thread/INFO]: Vine Growth Modifier: 100%
[12:10:52] [Server thread/INFO]: Cocoa Growth Modifier: 100%
[12:10:52] [Server thread/INFO]: Bamboo Growth Modifier: 100%
[12:10:52] [Server thread/INFO]: SweetBerry Growth Modifier: 100%
[12:10:52] [Server thread/INFO]: Kelp Growth Modifier: 100%
[12:10:52] [Server thread/INFO]: Entity Activation Range: An 32 / Mo 32 / Ra 48 / Mi 16 / Tiv true / Isa false
[12:10:52] [Server thread/INFO]: Entity Tracking Range: Pl 48 / An 48 / Mo 48 / Mi 32 / Other 64
[12:10:52] [Server thread/INFO]: Hopper Transfer: 8 Hopper Check: 1 Hopper Amount: 1
[12:10:52] [Server thread/INFO]: Custom Map Seeds:  Village: 10387312 Desert: 14357617 Igloo: 14357618 Jungle: 14357619 Swamp: 14357620 Monument: 10387313 Ocean: 14357621 Shipwreck: 165745295 End City: 10387313 Slime: 987234911 Nether: 30084232 Mansion: 10387319 Fossil: 14357921 Portal: 34222645
[12:10:52] [Server thread/INFO]: Max TNT Explosions: 100
[12:10:52] [Server thread/INFO]: Tile Max Tick Time: 50ms Entity max Tick Time: 50ms
[12:10:52] [Server thread/INFO]: Experience Merge Radius: 3.0
[12:10:52] [Server thread/INFO]: Mob Spawn Range: 6
[12:10:55] [Server thread/INFO]: -------- World Settings For [world_the_end] --------
[12:10:55] [Server thread/INFO]: Allow Zombie Pigmen to spawn from portal blocks: true
[12:10:55] [Server thread/INFO]: Nerfing mobs spawned from spawners: false
[12:10:55] [Server thread/INFO]: Item Despawn Rate: 6000
[12:10:55] [Server thread/INFO]: Item Merge Radius: 2.5
[12:10:55] [Server thread/INFO]: View Distance: 10
[12:10:55] [Server thread/INFO]: Simulation Distance: 10
[12:10:55] [Server thread/INFO]: Arrow Despawn Rate: 1200 Trident Respawn Rate:1200
[12:10:55] [Server thread/INFO]: Zombie Aggressive Towards Villager: true
[12:10:55] [Server thread/INFO]: Cactus Growth Modifier: 100%
[12:10:55] [Server thread/INFO]: Cane Growth Modifier: 100%
[12:10:55] [Server thread/INFO]: Melon Growth Modifier: 100%
[12:10:55] [Server thread/INFO]: Mushroom Growth Modifier: 100%
[12:10:55] [Server thread/INFO]: Pumpkin Growth Modifier: 100%
[12:10:55] [Server thread/INFO]: Sapling Growth Modifier: 100%
[12:10:55] [Server thread/INFO]: Beetroot Growth Modifier: 100%
[12:10:55] [Server thread/INFO]: Carrot Growth Modifier: 100%
[12:10:55] [Server thread/INFO]: Potato Growth Modifier: 100%
[12:10:55] [Server thread/INFO]: Wheat Growth Modifier: 100%
[12:10:55] [Server thread/INFO]: NetherWart Growth Modifier: 100%
[12:10:55] [Server thread/INFO]: Vine Growth Modifier: 100%
[12:10:55] [Server thread/INFO]: Cocoa Growth Modifier: 100%
[12:10:55] [Server thread/INFO]: Bamboo Growth Modifier: 100%
[12:10:55] [Server thread/INFO]: SweetBerry Growth Modifier: 100%
[12:10:55] [Server thread/INFO]: Kelp Growth Modifier: 100%
[12:10:55] [Server thread/INFO]: Entity Activation Range: An 32 / Mo 32 / Ra 48 / Mi 16 / Tiv true / Isa false
[12:10:55] [Server thread/INFO]: Entity Tracking Range: Pl 48 / An 48 / Mo 48 / Mi 32 / Other 64
[12:10:55] [Server thread/INFO]: Hopper Transfer: 8 Hopper Check: 1 Hopper Amount: 1
[12:10:55] [Server thread/INFO]: Custom Map Seeds:  Village: 10387312 Desert: 14357617 Igloo: 14357618 Jungle: 14357619 Swamp: 14357620 Monument: 10387313 Ocean: 14357621 Shipwreck: 165745295 End City: 10387313 Slime: 987234911 Nether: 30084232 Mansion: 10387319 Fossil: 14357921 Portal: 34222645
[12:10:55] [Server thread/INFO]: Max TNT Explosions: 100
[12:10:55] [Server thread/INFO]: Tile Max Tick Time: 50ms Entity max Tick Time: 50ms
[12:10:55] [Server thread/INFO]: Experience Merge Radius: 3.0
[12:10:55] [Server thread/INFO]: Mob Spawn Range: 6
[12:10:56] [Server thread/INFO]: Preparing start region for dimension minecraft:overworld
[12:10:57] [Worker-Main-22/INFO]: Preparing spawn area: 0%
[12:10:57] [Worker-Main-16/INFO]: Preparing spawn area: 0%
[12:10:57] [Worker-Main-16/INFO]: Preparing spawn area: 0%
[12:10:57] [Worker-Main-16/INFO]: Preparing spawn area: 0%
[12:10:58] [Worker-Main-12/INFO]: Preparing spawn area: 0%
[12:10:58] [Worker-Main-13/INFO]: Preparing spawn area: 1%
[12:10:59] [Worker-Main-19/INFO]: Preparing spawn area: 3%
[12:10:59] [Worker-Main-15/INFO]: Preparing spawn area: 5%
[12:11:00] [Worker-Main-20/INFO]: Preparing spawn area: 7%
[12:11:00] [Worker-Main-12/INFO]: Preparing spawn area: 9%
[12:11:01] [Worker-Main-20/INFO]: Preparing spawn area: 12%
[12:11:01] [Worker-Main-21/INFO]: Preparing spawn area: 15%
[12:11:02] [Worker-Main-12/INFO]: Preparing spawn area: 20%
[12:11:02] [Worker-Main-21/INFO]: Preparing spawn area: 23%
[12:11:03] [Worker-Main-16/INFO]: Preparing spawn area: 25%
[12:11:03] [Worker-Main-18/INFO]: Preparing spawn area: 29%
[12:11:04] [Worker-Main-16/INFO]: Preparing spawn area: 32%
[12:11:04] [Worker-Main-17/INFO]: Preparing spawn area: 37%
[12:11:05] [Worker-Main-13/INFO]: Preparing spawn area: 40%
[12:11:05] [Worker-Main-21/INFO]: Preparing spawn area: 44%
[12:11:06] [Worker-Main-19/INFO]: Preparing spawn area: 47%
[12:11:06] [Worker-Main-13/INFO]: Preparing spawn area: 52%
[12:11:07] [Worker-Main-16/INFO]: Preparing spawn area: 55%
[12:11:07] [Worker-Main-14/INFO]: Preparing spawn area: 59%
[12:11:08] [Worker-Main-12/INFO]: Preparing spawn area: 63%
[12:11:08] [Worker-Main-16/INFO]: Preparing spawn area: 68%
[12:11:09] [Worker-Main-13/INFO]: Preparing spawn area: 71%
[12:11:09] [Worker-Main-12/INFO]: Preparing spawn area: 75%
[12:11:10] [Worker-Main-18/INFO]: Preparing spawn area: 78%
[12:11:10] [Worker-Main-15/INFO]: Preparing spawn area: 83%
[12:11:11] [Worker-Main-20/INFO]: Preparing spawn area: 86%
[12:11:11] [Worker-Main-12/INFO]: Preparing spawn area: 90%
[12:11:12] [Worker-Main-14/INFO]: Preparing spawn area: 94%
[12:11:12] [Worker-Main-16/INFO]: Preparing spawn area: 98%
[12:11:12] [Server thread/INFO]: Time elapsed: 16537 ms
[12:11:12] [Server thread/INFO]: Preparing start region for dimension minecraft:the_nether
[12:11:13] [Worker-Main-19/INFO]: Preparing spawn area: 0%
[12:11:13] [Worker-Main-19/INFO]: Preparing spawn area: 0%
[12:11:13] [Worker-Main-18/INFO]: Preparing spawn area: 1%
[12:11:14] [Worker-Main-17/INFO]: Preparing spawn area: 3%
[12:11:14] [Worker-Main-21/INFO]: Preparing spawn area: 6%
[12:11:15] [Worker-Main-13/INFO]: Preparing spawn area: 10%
[12:11:15] [Worker-Main-19/INFO]: Preparing spawn area: 13%
[12:11:16] [Worker-Main-17/INFO]: Preparing spawn area: 15%
[12:11:16] [Worker-Main-16/INFO]: Preparing spawn area: 19%
[12:11:17] [Worker-Main-12/INFO]: Preparing spawn area: 22%
[12:11:17] [Worker-Main-14/INFO]: Preparing spawn area: 25%
[12:11:18] [Worker-Main-12/INFO]: Preparing spawn area: 30%
[12:11:18] [Worker-Main-17/INFO]: Preparing spawn area: 33%
[12:11:19] [Worker-Main-19/INFO]: Preparing spawn area: 36%
[12:11:19] [Worker-Main-12/INFO]: Preparing spawn area: 40%
[12:11:20] [Worker-Main-21/INFO]: Preparing spawn area: 44%
[12:11:20] [Worker-Main-20/INFO]: Preparing spawn area: 47%
[12:11:21] [Worker-Main-17/INFO]: Preparing spawn area: 51%
[12:11:21] [Worker-Main-21/INFO]: Preparing spawn area: 55%
[12:11:22] [Worker-Main-18/INFO]: Preparing spawn area: 60%
[12:11:22] [Worker-Main-21/INFO]: Preparing spawn area: 64%
[12:11:23] [Worker-Main-19/INFO]: Preparing spawn area: 68%
[12:11:23] [Worker-Main-20/INFO]: Preparing spawn area: 72%
[12:11:24] [Worker-Main-18/INFO]: Preparing spawn area: 77%
[12:11:24] [Worker-Main-14/INFO]: Preparing spawn area: 82%
[12:11:25] [Worker-Main-13/INFO]: Preparing spawn area: 85%
[12:11:25] [Worker-Main-13/INFO]: Preparing spawn area: 90%
[12:11:26] [Worker-Main-17/INFO]: Preparing spawn area: 94%
[12:11:26] [Server thread/INFO]: Time elapsed: 13877 ms
[12:11:26] [Server thread/INFO]: Preparing start region for dimension minecraft:the_end
[12:11:27] [Worker-Main-18/INFO]: Preparing spawn area: 0%
[12:11:27] [Worker-Main-17/INFO]: Preparing spawn area: 1%
[12:11:27] [Worker-Main-16/INFO]: Preparing spawn area: 17%
[12:11:28] [Worker-Main-19/INFO]: Preparing spawn area: 66%
[12:11:28] [Server thread/INFO]: Time elapsed: 1846 ms
[12:11:28] [Server thread/INFO]: Done (48.410s)! For help, type "help"
[12:12:03] [Thread-1/INFO]: Stopping server
[12:12:03] [Thread-1/INFO]: Saving players
